<?xml version="1.0" encoding="UTF-8"?>
<testng-results ignored="0" total="1" passed="1" failed="0" skipped="0">
  <reporter-output>
  </reporter-output>
  <suite started-at="2021-04-02T14:26:17 IST" name="Default suite" finished-at="2021-04-02T14:26:39 IST" duration-ms="21789">
    <groups>
      <group name="cucumber">
        <method signature="TestNGRunner.feature(cucumber.api.testng.CucumberFeatureWrapper)[pri:0, instance:TestNGRunner@1eb5174b]" name="feature" class="TestNGRunner"/>
      </group> <!-- cucumber -->
    </groups>
    <test started-at="2021-04-02T14:26:17 IST" name="Default test" finished-at="2021-04-02T14:26:39 IST" duration-ms="21789">
      <class name="TestNGRunner">
        <test-method is-config="true" signature="setUpClass()[pri:0, instance:TestNGRunner@1eb5174b]" started-at="2021-04-02T14:26:17 IST" name="setUpClass" finished-at="2021-04-02T14:26:17 IST" duration-ms="361" status="PASS">
          <reporter-output>
          </reporter-output>
        </test-method> <!-- setUpClass -->
        <test-method signature="feature(cucumber.api.testng.CucumberFeatureWrapper)[pri:0, instance:TestNGRunner@1eb5174b]" started-at="2021-04-02T14:26:17 IST" name="feature" description="Runs Cucumber Feature" data-provider="features" finished-at="2021-04-02T14:26:38 IST" duration-ms="20594" status="PASS">
          <params>
            <param index="0">
              <value>
                <![CDATA[Request a formal proposal from us]]>
              </value>
            </param>
          </params>
          <reporter-output>
          </reporter-output>
        </test-method> <!-- feature -->
        <test-method is-config="true" signature="writeExtentReport()[pri:0, instance:TestNGRunner@1eb5174b]" started-at="2021-04-02T14:26:38 IST" name="writeExtentReport" finished-at="2021-04-02T14:26:39 IST" duration-ms="672" status="PASS">
          <reporter-output>
          </reporter-output>
        </test-method> <!-- writeExtentReport -->
        <test-method is-config="true" signature="flushReport()[pri:0, instance:TestNGRunner@1eb5174b]" started-at="2021-04-02T14:26:39 IST" name="flushReport" finished-at="2021-04-02T14:26:39 IST" duration-ms="30" status="PASS">
          <reporter-output>
          </reporter-output>
        </test-method> <!-- flushReport -->
      </class> <!-- TestNGRunner -->
    </test> <!-- Default test -->
  </suite> <!-- Default suite -->
</testng-results>
